error: uncaughtException: Router.use() requires a middleware function but got a Object
TypeError: Router.use() requires a middleware function but got a Object
    at Function.use (C:\Users\cparadise\ToDoApp\to-do\node_modules\express\lib\router\index.js:469:13)
    at routes (C:\Users\cparadise\ToDoApp\to-do\src\routes\/index.js:16:10)
    at Object.<anonymous> (C:\Users\cparadise\ToDoApp\to-do\src\/index.js:32:32)
    at Module._compile (node:internal/modules/cjs/loader:1105:14)
    at Module._compile (C:\Users\cparadise\ToDoApp\to-do\node_modules\pirates\lib\index.js:136:24)
    at Module._extensions..js (node:internal/modules/cjs/loader:1159:10)
    at Object.newLoader [as .js] (C:\Users\cparadise\ToDoApp\to-do\node_modules\pirates\lib\index.js:141:7)
    at Module.load (node:internal/modules/cjs/loader:981:32)
    at Function.Module._load (node:internal/modules/cjs/loader:822:12)
    at Function.executeUserEntryPoint [as runMain] (node:internal/modules/run_main:77:12)
    at Object.<anonymous> (C:\Users\cparadise\ToDoApp\to-do\node_modules\@babel\node\lib\_babel-node.js:176:21)
    at Module._compile (node:internal/modules/cjs/loader:1105:14)
    at Object.Module._extensions..js (node:internal/modules/cjs/loader:1159:10)
    at Module.load (node:internal/modules/cjs/loader:981:32)
    at Function.Module._load (node:internal/modules/cjs/loader:822:12)
    at Function.executeUserEntryPoint [as runMain] (node:internal/modules/run_main:77:12)
    at node:internal/main/run_main_module:17:47 {"date":"Fri Sep 09 2022 16:53:11 GMT+0530 (India Standard Time)","error":{},"exception":true,"os":{"loadavg":[0,0,0],"uptime":270220},"process":{"argv":["node","C:\\Users\\cparadise\\ToDoApp\\to-do\\src\\index.js"],"cwd":"C:\\Users\\cparadise\\ToDoApp\\to-do","execPath":"C:\\Program Files\\nodejs\\node.exe","gid":null,"memoryUsage":{"arrayBuffers":18807869,"external":23176627,"heapTotal":86331392,"heapUsed":58420152,"rss":119488512},"pid":11912,"uid":null,"version":"v16.15.1"},"stack":"TypeError: Router.use() requires a middleware function but got a Object\n    at Function.use (C:\\Users\\cparadise\\ToDoApp\\to-do\\node_modules\\express\\lib\\router\\index.js:469:13)\n    at routes (C:\\Users\\cparadise\\ToDoApp\\to-do\\src\\routes\\/index.js:16:10)\n    at Object.<anonymous> (C:\\Users\\cparadise\\ToDoApp\\to-do\\src\\/index.js:32:32)\n    at Module._compile (node:internal/modules/cjs/loader:1105:14)\n    at Module._compile (C:\\Users\\cparadise\\ToDoApp\\to-do\\node_modules\\pirates\\lib\\index.js:136:24)\n    at Module._extensions..js (node:internal/modules/cjs/loader:1159:10)\n    at Object.newLoader [as .js] (C:\\Users\\cparadise\\ToDoApp\\to-do\\node_modules\\pirates\\lib\\index.js:141:7)\n    at Module.load (node:internal/modules/cjs/loader:981:32)\n    at Function.Module._load (node:internal/modules/cjs/loader:822:12)\n    at Function.executeUserEntryPoint [as runMain] (node:internal/modules/run_main:77:12)\n    at Object.<anonymous> (C:\\Users\\cparadise\\ToDoApp\\to-do\\node_modules\\@babel\\node\\lib\\_babel-node.js:176:21)\n    at Module._compile (node:internal/modules/cjs/loader:1105:14)\n    at Object.Module._extensions..js (node:internal/modules/cjs/loader:1159:10)\n    at Module.load (node:internal/modules/cjs/loader:981:32)\n    at Function.Module._load (node:internal/modules/cjs/loader:822:12)\n    at Function.executeUserEntryPoint [as runMain] (node:internal/modules/run_main:77:12)\n    at node:internal/main/run_main_module:17:47","timestamp":"2022-09-09T11:23:11.454Z","trace":[{"column":13,"file":"C:\\Users\\cparadise\\ToDoApp\\to-do\\node_modules\\express\\lib\\router\\index.js","function":"Function.use","line":469,"method":"use","native":false},{"column":10,"file":"C:\\Users\\cparadise\\ToDoApp\\to-do\\src\\routes\\/index.js","function":"routes","line":16,"method":null,"native":false},{"column":32,"file":"C:\\Users\\cparadise\\ToDoApp\\to-do\\src\\/index.js","function":null,"line":32,"method":null,"native":false},{"column":14,"file":"node:internal/modules/cjs/loader","function":"Module._compile","line":1105,"method":"_compile","native":false},{"column":24,"file":"C:\\Users\\cparadise\\ToDoApp\\to-do\\node_modules\\pirates\\lib\\index.js","function":"Module._compile","line":136,"method":"_compile","native":false},{"column":10,"file":"node:internal/modules/cjs/loader","function":"Module._extensions..js","line":1159,"method":".js","native":false},{"column":7,"file":"C:\\Users\\cparadise\\ToDoApp\\to-do\\node_modules\\pirates\\lib\\index.js","function":"Object.newLoader [as .js]","line":141,"method":"js]","native":false},{"column":32,"file":"node:internal/modules/cjs/loader","function":"Module.load","line":981,"method":"load","native":false},{"column":12,"file":"node:internal/modules/cjs/loader","function":"Module._load","line":822,"method":"_load","native":false},{"column":12,"file":"node:internal/modules/run_main","function":"Function.executeUserEntryPoint [as runMain]","line":77,"method":"executeUserEntryPoint [as runMain]","native":false},{"column":21,"file":"C:\\Users\\cparadise\\ToDoApp\\to-do\\node_modules\\@babel\\node\\lib\\_babel-node.js","function":null,"line":176,"method":null,"native":false},{"column":14,"file":"node:internal/modules/cjs/loader","function":"Module._compile","line":1105,"method":"_compile","native":false},{"column":10,"file":"node:internal/modules/cjs/loader","function":"Module._extensions..js","line":1159,"method":".js","native":false},{"column":32,"file":"node:internal/modules/cjs/loader","function":"Module.load","line":981,"method":"load","native":false},{"column":12,"file":"node:internal/modules/cjs/loader","function":"Module._load","line":822,"method":"_load","native":false},{"column":12,"file":"node:internal/modules/run_main","function":"Function.executeUserEntryPoint [as runMain]","line":77,"method":"executeUserEntryPoint [as runMain]","native":false},{"column":47,"file":"node:internal/main/run_main_module","function":null,"line":17,"method":null,"native":false}]}
info: Server started at http://localhost:3000/api/v1/ {"timestamp":"2022-09-09T11:24:23.398Z"}
info: Connected to the database. {"timestamp":"2022-09-09T11:24:26.536Z"}
error: 
    status - 500 
    message - MongooseServerSelectionError: Could not connect to any servers in your MongoDB Atlas cluster. One common reason is that you're trying to access the database from an IP that isn't whitelisted. Make sure your current IP address is on your Atlas cluster's IP whitelist: https://docs.atlas.mongodb.com/security-whitelist/
    at Function.Model.$wrapCallback (C:\Users\cparadise\ToDoApp\to-do\node_modules\mongoose\lib\model.js:5087:32)
    at C:\Users\cparadise\ToDoApp\to-do\node_modules\mongoose\lib\model.js:504:27
    at promiseOrCallback (C:\Users\cparadise\ToDoApp\to-do\node_modules\mongoose\lib\helpers\promiseOrCallback.js:10:12)
    at Mongoose._promiseOrCallback (C:\Users\cparadise\ToDoApp\to-do\node_modules\mongoose\lib\index.js:1149:10)
    at model.Model.save (C:\Users\cparadise\ToDoApp\to-do\node_modules\mongoose\lib\model.js:503:35)
    at C:\Users\cparadise\ToDoApp\to-do\node_modules\mongoose\lib\model.js:3163:16
    at C:\Users\cparadise\ToDoApp\to-do\node_modules\mongoose\lib\model.js:3193:7
    at Array.forEach (<anonymous>)
    at C:\Users\cparadise\ToDoApp\to-do\node_modules\mongoose\lib\model.js:3192:15
    at C:\Users\cparadise\ToDoApp\to-do\node_modules\mongoose\lib\helpers\promiseOrCallback.js:32:5
    at new Promise (<anonymous>)
    at promiseOrCallback (C:\Users\cparadise\ToDoApp\to-do\node_modules\mongoose\lib\helpers\promiseOrCallback.js:31:10)
    at Mongoose._promiseOrCallback (C:\Users\cparadise\ToDoApp\to-do\node_modules\mongoose\lib\index.js:1149:10)
    at Function.create (C:\Users\cparadise\ToDoApp\to-do\node_modules\mongoose\lib\model.js:3127:23)
    at _callee$ (C:\Users\cparadise\ToDoApp\to-do\src\services\/todo.service.js:6:29)
    at tryCatch (C:\Users\cparadise\ToDoApp\to-do\node_modules\@babel\runtime\helpers\regeneratorRuntime.js:86:17) 
    url - /api/v1/to-do/ 
    method - POST 
    IP - ::1
   {"timestamp":"2022-09-09T12:53:25.621Z"}
info: Server started at http://localhost:3000/api/v1/ {"timestamp":"2022-09-12T05:06:29.981Z"}
info: Connected to the database. {"timestamp":"2022-09-12T05:06:30.398Z"}
