error: uncaughtException: Router.use() requires a middleware function but got a Object
TypeError: Router.use() requires a middleware function but got a Object
    at Function.use (C:\Users\cparadise\ToDoApp\to-do\node_modules\express\lib\router\index.js:469:13)
    at routes (C:\Users\cparadise\ToDoApp\to-do\src\routes\/index.js:16:10)
    at Object.<anonymous> (C:\Users\cparadise\ToDoApp\to-do\src\/index.js:32:32)
    at Module._compile (node:internal/modules/cjs/loader:1105:14)
    at Module._compile (C:\Users\cparadise\ToDoApp\to-do\node_modules\pirates\lib\index.js:136:24)
    at Module._extensions..js (node:internal/modules/cjs/loader:1159:10)
    at Object.newLoader [as .js] (C:\Users\cparadise\ToDoApp\to-do\node_modules\pirates\lib\index.js:141:7)
    at Module.load (node:internal/modules/cjs/loader:981:32)
    at Function.Module._load (node:internal/modules/cjs/loader:822:12)
    at Function.executeUserEntryPoint [as runMain] (node:internal/modules/run_main:77:12)
    at Object.<anonymous> (C:\Users\cparadise\ToDoApp\to-do\node_modules\@babel\node\lib\_babel-node.js:176:21)
    at Module._compile (node:internal/modules/cjs/loader:1105:14)
    at Object.Module._extensions..js (node:internal/modules/cjs/loader:1159:10)
    at Module.load (node:internal/modules/cjs/loader:981:32)
    at Function.Module._load (node:internal/modules/cjs/loader:822:12)
    at Function.executeUserEntryPoint [as runMain] (node:internal/modules/run_main:77:12)
    at node:internal/main/run_main_module:17:47 {"date":"Fri Sep 09 2022 16:53:11 GMT+0530 (India Standard Time)","error":{},"exception":true,"os":{"loadavg":[0,0,0],"uptime":270220},"process":{"argv":["node","C:\\Users\\cparadise\\ToDoApp\\to-do\\src\\index.js"],"cwd":"C:\\Users\\cparadise\\ToDoApp\\to-do","execPath":"C:\\Program Files\\nodejs\\node.exe","gid":null,"memoryUsage":{"arrayBuffers":18819929,"external":23188727,"heapTotal":86331392,"heapUsed":58778576,"rss":119984128},"pid":11912,"uid":null,"version":"v16.15.1"},"stack":"TypeError: Router.use() requires a middleware function but got a Object\n    at Function.use (C:\\Users\\cparadise\\ToDoApp\\to-do\\node_modules\\express\\lib\\router\\index.js:469:13)\n    at routes (C:\\Users\\cparadise\\ToDoApp\\to-do\\src\\routes\\/index.js:16:10)\n    at Object.<anonymous> (C:\\Users\\cparadise\\ToDoApp\\to-do\\src\\/index.js:32:32)\n    at Module._compile (node:internal/modules/cjs/loader:1105:14)\n    at Module._compile (C:\\Users\\cparadise\\ToDoApp\\to-do\\node_modules\\pirates\\lib\\index.js:136:24)\n    at Module._extensions..js (node:internal/modules/cjs/loader:1159:10)\n    at Object.newLoader [as .js] (C:\\Users\\cparadise\\ToDoApp\\to-do\\node_modules\\pirates\\lib\\index.js:141:7)\n    at Module.load (node:internal/modules/cjs/loader:981:32)\n    at Function.Module._load (node:internal/modules/cjs/loader:822:12)\n    at Function.executeUserEntryPoint [as runMain] (node:internal/modules/run_main:77:12)\n    at Object.<anonymous> (C:\\Users\\cparadise\\ToDoApp\\to-do\\node_modules\\@babel\\node\\lib\\_babel-node.js:176:21)\n    at Module._compile (node:internal/modules/cjs/loader:1105:14)\n    at Object.Module._extensions..js (node:internal/modules/cjs/loader:1159:10)\n    at Module.load (node:internal/modules/cjs/loader:981:32)\n    at Function.Module._load (node:internal/modules/cjs/loader:822:12)\n    at Function.executeUserEntryPoint [as runMain] (node:internal/modules/run_main:77:12)\n    at node:internal/main/run_main_module:17:47","trace":[{"column":13,"file":"C:\\Users\\cparadise\\ToDoApp\\to-do\\node_modules\\express\\lib\\router\\index.js","function":"Function.use","line":469,"method":"use","native":false},{"column":10,"file":"C:\\Users\\cparadise\\ToDoApp\\to-do\\src\\routes\\/index.js","function":"routes","line":16,"method":null,"native":false},{"column":32,"file":"C:\\Users\\cparadise\\ToDoApp\\to-do\\src\\/index.js","function":null,"line":32,"method":null,"native":false},{"column":14,"file":"node:internal/modules/cjs/loader","function":"Module._compile","line":1105,"method":"_compile","native":false},{"column":24,"file":"C:\\Users\\cparadise\\ToDoApp\\to-do\\node_modules\\pirates\\lib\\index.js","function":"Module._compile","line":136,"method":"_compile","native":false},{"column":10,"file":"node:internal/modules/cjs/loader","function":"Module._extensions..js","line":1159,"method":".js","native":false},{"column":7,"file":"C:\\Users\\cparadise\\ToDoApp\\to-do\\node_modules\\pirates\\lib\\index.js","function":"Object.newLoader [as .js]","line":141,"method":"js]","native":false},{"column":32,"file":"node:internal/modules/cjs/loader","function":"Module.load","line":981,"method":"load","native":false},{"column":12,"file":"node:internal/modules/cjs/loader","function":"Module._load","line":822,"method":"_load","native":false},{"column":12,"file":"node:internal/modules/run_main","function":"Function.executeUserEntryPoint [as runMain]","line":77,"method":"executeUserEntryPoint [as runMain]","native":false},{"column":21,"file":"C:\\Users\\cparadise\\ToDoApp\\to-do\\node_modules\\@babel\\node\\lib\\_babel-node.js","function":null,"line":176,"method":null,"native":false},{"column":14,"file":"node:internal/modules/cjs/loader","function":"Module._compile","line":1105,"method":"_compile","native":false},{"column":10,"file":"node:internal/modules/cjs/loader","function":"Module._extensions..js","line":1159,"method":".js","native":false},{"column":32,"file":"node:internal/modules/cjs/loader","function":"Module.load","line":981,"method":"load","native":false},{"column":12,"file":"node:internal/modules/cjs/loader","function":"Module._load","line":822,"method":"_load","native":false},{"column":12,"file":"node:internal/modules/run_main","function":"Function.executeUserEntryPoint [as runMain]","line":77,"method":"executeUserEntryPoint [as runMain]","native":false},{"column":47,"file":"node:internal/main/run_main_module","function":null,"line":17,"method":null,"native":false}]}
info: ::1 - - [09/Sep/2022:12:53:25 +0000] "POST /api/v1/to-do/ HTTP/1.1" 500 322 "-" "PostmanRuntime/7.29.2"

info: ::1 - - [09/Sep/2022:12:55:43 +0000] "POST /api/v1/to-do/ HTTP/1.1" 201 287 "-" "PostmanRuntime/7.29.2"

info: ::1 - - [09/Sep/2022:12:58:21 +0000] "POST /api/v1/to-do/ HTTP/1.1" 201 287 "-" "PostmanRuntime/7.29.2"

info: ::1 - - [12/Sep/2022:05:06:46 +0000] "POST /api/v1/to-do/ HTTP/1.1" 201 268 "-" "PostmanRuntime/7.29.2"

info: ::1 - - [12/Sep/2022:05:08:51 +0000] "POST /api/v1/to-do/ HTTP/1.1" 201 289 "-" "PostmanRuntime/7.29.2"

info: ::1 - - [12/Sep/2022:05:56:15 +0000] "POST /api/v1/to-do/ HTTP/1.1" 201 268 "-" "PostmanRuntime/7.29.2"

